<?xml version="1.0" encoding="UTF-8"?>
<!-- Generated by org.testng.reporters.JUnitXMLReporter -->
<testsuite hostname="LAPTOP-84BNC9QL" ignored="0" name="ChromeTest1" tests="1" failures="0" timestamp="10 Nov 2019 03:22:38 GMT" time="0.059" errors="0">
  <testcase name="@BeforeClass lanuchbrowser" time="0.0" classname="ParallelTest.ParellelTesting">
    <failure type="org.testng.TestNGException" message="
Parameter &amp;apos;myBrowser&amp;apos; is required by BeforeClass on method lanuchbrowser but has not been marked @Optional or defined
in R:\New Aut\CloudPR_forCanada\parallelexe.xml">
      <![CDATA[org.testng.TestNGException: 
Parameter 'myBrowser' is required by BeforeClass on method lanuchbrowser but has not been marked @Optional or defined
in R:\New Aut\CloudPR_forCanada\parallelexe.xml
	at java.util.concurrent.FutureTask.run(FutureTask.java:266)
	at java.util.concurrent.ThreadPoolExecutor.runWorker(ThreadPoolExecutor.java:1149)
	at java.util.concurrent.ThreadPoolExecutor$Worker.run(ThreadPoolExecutor.java:624)
	at java.lang.Thread.run(Thread.java:748)
... Removed 13 stack frames]]>
    </failure>
  </testcase> <!-- @BeforeClass lanuchbrowser -->
  <testcase name="@BeforeClass lanuchbrowser" time="0.0" classname="ParallelTest.ParellelTesting">
    <failure type="org.testng.TestNGException" message="
Parameter &amp;apos;myBrowser&amp;apos; is required by BeforeClass on method lanuchbrowser but has not been marked @Optional or defined
in R:\New Aut\CloudPR_forCanada\parallelexe.xml">
      <![CDATA[org.testng.TestNGException: 
Parameter 'myBrowser' is required by BeforeClass on method lanuchbrowser but has not been marked @Optional or defined
in R:\New Aut\CloudPR_forCanada\parallelexe.xml
	at java.util.concurrent.FutureTask.run(FutureTask.java:266)
	at java.util.concurrent.ThreadPoolExecutor.runWorker(ThreadPoolExecutor.java:1149)
	at java.util.concurrent.ThreadPoolExecutor$Worker.run(ThreadPoolExecutor.java:624)
	at java.lang.Thread.run(Thread.java:748)
... Removed 13 stack frames]]>
    </failure>
  </testcase> <!-- @BeforeClass lanuchbrowser -->
  <testcase name="@AfterClass closing" time="0.0" classname="ParallelTest.ParellelTesting">
    <skipped/>
  </testcase> <!-- @AfterClass closing -->
  <testcase name="@AfterClass closing" time="0.0" classname="ParallelTest.ParellelTesting">
    <skipped/>
  </testcase> <!-- @AfterClass closing -->
  <testcase name="checkingparallel" time="0.001" classname="ParallelTest.ParellelTesting">
    <skipped/>
  </testcase> <!-- checkingparallel -->
</testsuite> <!-- ChromeTest1 -->
