<?xml version="1.0" encoding="UTF-8"?>
<!-- Generated by org.testng.reporters.JUnitXMLReporter -->
<testsuite hostname="LAPTOP-84BNC9QL" ignored="0" name="firefoxtest" tests="1" failures="1" timestamp="10 Nov 2019 16:03:08 GMT" time="78.585" errors="0">
  <testcase name="checkingparallel" time="23.681" classname="ParallelTest.ParellelTesting">
    <failure type="java.lang.AssertionError" message="expected [Find a Flight: Mercury Tours: ] but found [Sign-on: Mercury Tours]">
      <![CDATA[java.lang.AssertionError: expected [Find a Flight: Mercury Tours: ] but found [Sign-on: Mercury Tours]
	at ParallelTest.ParellelTesting.checkingparallel(ParellelTesting.java:40)
	at java.util.concurrent.FutureTask.run(FutureTask.java:266)
	at java.util.concurrent.ThreadPoolExecutor.runWorker(ThreadPoolExecutor.java:1149)
	at java.util.concurrent.ThreadPoolExecutor$Worker.run(ThreadPoolExecutor.java:624)
	at java.lang.Thread.run(Thread.java:748)
... Removed 22 stack frames]]>
    </failure>
  </testcase> <!-- checkingparallel -->
</testsuite> <!-- firefoxtest -->
